{
  "RSpec": {
    "coverage": {
      "/Users/bgspiral/Desktop/plantapi/spec/rails_helper.rb": [
        null,
        1,
        1,
        null,
        1,
        1,
        1,
        null,
        null,
        null,
        null,
        null,
        null,
        null,
        null,
        null,
        null,
        null,
        null,
        null,
        null,
        null,
        null,
        null,
        null,
        null,
        1,
        null,
        1,
        null,
        1,
        null,
        null,
        null,
        null,
        1,
        null,
        null,
        null,
        null,
        null,
        null,
        null,
        null,
        null,
        null,
        null,
        null,
        null,
        null,
        1,
        null,
        null,
        1,
        null,
        null,
        null
      ],
      "/Users/bgspiral/Desktop/plantapi/app/helpers/application_helper.rb": [
        1,
        null
      ],
      "/Users/bgspiral/Desktop/plantapi/app/helpers/plants_helper.rb": [
        1,
        null
      ],
      "/Users/bgspiral/Desktop/plantapi/spec/controllers/plants_controller_spec.rb": [
        1,
        1,
        null,
        1,
        1,
        1,
        null
      ],
      "/Users/bgspiral/Desktop/plantapi/app/controllers/plants_controller.rb": [
        1,
        1,
        null,
        null,
        null,
        1,
        0,
        null,
        null,
        null,
        null,
        1,
        null,
        null,
        null,
        1,
        0,
        null,
        null,
        null,
        1,
        null,
        null,
        null,
        null,
        1,
        0,
        null,
        0,
        0,
        0,
        0,
        null,
        0,
        0,
        null,
        null,
        null,
        null,
        null,
        null,
        1,
        0,
        0,
        0,
        0,
        null,
        0,
        0,
        null,
        null,
        null,
        null,
        null,
        null,
        1,
        0,
        0,
        0,
        0,
        null,
        null,
        null,
        1,
        null,
        1,
        0,
        null,
        null,
        null,
        1,
        0,
        null,
        null
      ],
      "/Users/bgspiral/Desktop/plantapi/app/controllers/application_controller.rb": [
        1,
        1,
        null
      ]
    },
    "timestamp": 1478879964
  }
}
