{
  "RSpec": {
    "coverage": {
      "/Users/bgspiral/Desktop/plantapi/spec/rails_helper.rb": [
        null,
        1,
        1,
        null,
        1,
        1,
        1,
        1,
        null,
        null,
        null,
        null,
        null,
        null,
        null,
        null,
        null,
        null,
        null,
        null,
        null,
        null,
        null,
        null,
        null,
        null,
        null,
        1,
        null,
        1,
        null,
        1,
        null,
        null,
        null,
        null,
        1,
        null,
        null,
        null,
        null,
        null,
        null,
        null,
        null,
        null,
        null,
        null,
        null,
        null,
        null,
        1,
        null,
        null,
        1,
        null,
        null,
        null
      ],
      "/Users/bgspiral/Desktop/plantapi/app/helpers/application_helper.rb": [
        1,
        null
      ],
      "/Users/bgspiral/Desktop/plantapi/app/helpers/plants_helper.rb": [
        1,
        null
      ],
      "/Users/bgspiral/Desktop/plantapi/spec/support/factory_girl.rb": [
        null,
        null,
        1,
        1,
        null
      ],
      "/Users/bgspiral/Desktop/plantapi/spec/controllers/base_controller_spec.rb": [
        null,
        null,
        1,
        1,
        null,
        null,
        1,
        1,
        null
      ],
      "/Users/bgspiral/Desktop/plantapi/spec/requests/api/plants_spec.rb": [
        1,
        1,
        null,
        1,
        1,
        1,
        1,
        1,
        null,
        null,
        null,
        null
      ],
      "/Users/bgspiral/Desktop/plantapi/app/controllers/api/plants_controller.rb": [
        1,
        1,
        1,
        1,
        0,
        null,
        null,
        1,
        0,
        null,
        null,
        null,
        null
      ],
      "/Users/bgspiral/Desktop/plantapi/app/controllers/api/base_controller.rb": [
        1,
        1,
        1,
        1,
        1,
        null,
        2,
        null,
        1,
        null,
        null,
        1,
        1,
        null,
        null,
        null,
        null,
        null,
        1,
        0,
        null,
        null,
        null,
        null,
        1,
        0,
        null,
        null,
        null,
        null,
        1,
        1,
        null,
        null,
        null,
        null,
        1,
        3,
        null,
        null,
        null,
        null,
        null,
        null,
        1,
        0,
        null,
        null,
        null,
        1,
        1,
        1,
        null,
        null,
        null,
        null,
        null,
        1,
        null,
        1,
        0,
        null,
        0,
        0,
        null,
        null,
        null,
        0,
        null,
        null,
        null,
        null,
        1,
        0,
        0,
        null,
        null,
        null,
        1,
        0,
        0,
        null,
        null,
        0,
        null,
        null,
        0,
        null,
        null,
        null,
        1,
        1,
        null,
        null,
        null,
        1,
        0,
        0,
        null,
        0,
        null,
        null,
        null,
        null,
        null,
        null,
        null
      ],
      "/Users/bgspiral/Desktop/plantapi/app/controllers/application_controller.rb": [
        1,
        1,
        null
      ],
      "/Users/bgspiral/Desktop/plantapi/app/models/plant.rb": [
        1,
        null
      ],
      "/Users/bgspiral/Desktop/plantapi/app/models/application_record.rb": [
        1,
        1,
        null
      ]
    },
    "timestamp": 1478889333
  }
}
